#
# There is insufficient memory for the Java Runtime Environment to continue.
# Native memory allocation (malloc) failed to allocate 19922944 bytes for committing reserved memory.
# Possible reasons:
#   The system is out of physical RAM or swap space
#   In 32 bit mode, the process size limit was hit
# Possible solutions:
#   Reduce memory load on the system
#   Increase physical memory or swap space
#   Check if swap backing store is full
#   Use 64 bit Java on a 64 bit OS
#   Decrease Java heap size (-Xmx/-Xms)
#   Decrease number of Java threads
#   Decrease Java thread stack sizes (-Xss)
#   Set larger code cache with -XX:ReservedCodeCacheSize=
# This output file may be truncated or incomplete.
#
#  Out of Memory Error (os_linux.cpp:2809), pid=44061, tid=140310479300352
#
# JRE version: OpenJDK Runtime Environment (7.0_79-b14) (build 1.7.0_79-b14)
# Java VM: OpenJDK 64-Bit Server VM (24.79-b02 mixed mode linux-amd64 compressed oops)
# Derivative: IcedTea 2.5.5
# Distribution: Ubuntu 14.04 LTS, package 7u79-2.5.5-0ubuntu0.14.04.2
# Failed to write core dump. Core dumps have been disabled. To enable core dumping, try "ulimit -c unlimited" before starting Java again
#

---------------  T H R E A D  ---------------

Current thread (0x00007f9c90071800):  VMThread [stack: 0x00007f9c9436e000,0x00007f9c9446f000] [id=44068]

Stack: [0x00007f9c9436e000,0x00007f9c9446f000],  sp=0x00007f9c9446d490,  free space=1021k
Native frames: (J=compiled Java code, j=interpreted, Vv=VM code, C=native code)
V  [libjvm.so+0x94aec5]  VMError::report_and_die()+0x175
V  [libjvm.so+0x48b9c4]  report_vm_out_of_memory(char const*, int, unsigned long, char const*)+0x74
V  [libjvm.so+0x7c806b]  os::pd_commit_memory(char*, unsigned long, unsigned long, bool)+0xeb
V  [libjvm.so+0x7c2b0f]  os::commit_memory(char*, unsigned long, unsigned long, bool)+0x1f
V  [libjvm.so+0x83500b]  PSVirtualSpace::expand_by(unsigned long)+0x5b
V  [libjvm.so+0x835e60]  PSYoungGen::resize_generation(unsigned long, unsigned long)+0xb0
V  [libjvm.so+0x83654b]  PSYoungGen::resize(unsigned long, unsigned long)+0x1b
V  [libjvm.so+0x832830]  PSScavenge::invoke_no_policy()+0xde0
V  [libjvm.so+0x833008]  PSScavenge::invoke()+0x38
V  [libjvm.so+0x7e96f3]  ParallelScavengeHeap::failed_mem_allocate(unsigned long)+0x63
V  [libjvm.so+0x94c8c4]  VM_ParallelGCFailedAllocation::doit()+0x84
V  [libjvm.so+0x950dc7]  VM_Operation::evaluate()+0x47
V  [libjvm.so+0x94f738]  VMThread::evaluate_operation(VM_Operation*)+0x318
V  [libjvm.so+0x94fb99]  VMThread::loop()+0x219
V  [libjvm.so+0x94ffe2]  VMThread::run()+0x72
V  [libjvm.so+0x7c4f32]  java_start(Thread*)+0xf2

VM_Operation (0x00007f9c844610d0): ParallelGCFailedAllocation, mode: safepoint, requested by thread 0x00007f9c90195800


---------------  P R O C E S S  ---------------

Java Threads: ( => current thread )
  0x00007f9c9019b800 JavaThread "pool-1-thread-4" [_thread_blocked, id=44080, stack(0x00007f9c84160000,0x00007f9c84261000)]
  0x00007f9c90197800 JavaThread "pool-1-thread-3" [_thread_blocked, id=44079, stack(0x00007f9c84261000,0x00007f9c84362000)]
  0x00007f9c90195800 JavaThread "pool-1-thread-2" [_thread_blocked, id=44078, stack(0x00007f9c84362000,0x00007f9c84463000)]
  0x00007f9c90189000 JavaThread "pool-2-thread-1" [_thread_blocked, id=44077, stack(0x00007f9c84463000,0x00007f9c84564000)]
  0x00007f9c90185800 JavaThread "pool-1-thread-1" [_thread_blocked, id=44076, stack(0x00007f9c8c0a5000,0x00007f9c8c1a6000)]
  0x00007f9c900ac000 JavaThread "Service Thread" daemon [_thread_blocked, id=44074, stack(0x00007f9c8c4ea000,0x00007f9c8c5eb000)]
  0x00007f9c900a9800 JavaThread "C2 CompilerThread1" daemon [_thread_blocked, id=44073, stack(0x00007f9c8c5eb000,0x00007f9c8c6ec000)]
  0x00007f9c900a7000 JavaThread "C2 CompilerThread0" daemon [_thread_blocked, id=44072, stack(0x00007f9c8c6ec000,0x00007f9c8c7ed000)]
  0x00007f9c900a4800 JavaThread "Signal Dispatcher" daemon [_thread_blocked, id=44071, stack(0x00007f9c9406b000,0x00007f9c9416c000)]
  0x00007f9c90078000 JavaThread "Finalizer" daemon [_thread_blocked, id=44070, stack(0x00007f9c9416c000,0x00007f9c9426d000)]
  0x00007f9c90076000 JavaThread "Reference Handler" daemon [_thread_blocked, id=44069, stack(0x00007f9c9426d000,0x00007f9c9436e000)]
  0x00007f9c9000a800 JavaThread "main" [_thread_blocked, id=44065, stack(0x00007f9c98ce0000,0x00007f9c98de1000)]

Other Threads:
=>0x00007f9c90071800 VMThread [stack: 0x00007f9c9436e000,0x00007f9c9446f000] [id=44068]
  0x00007f9c900b6800 WatcherThread [stack: 0x00007f9c8c3e9000,0x00007f9c8c4ea000] [id=44075]

VM state:at safepoint (normal execution)

VM Mutex/Monitor currently owned by a thread:  ([mutex/lock_event])
[0x00007f9c90006970] Threads_lock - owner thread: 0x00007f9c90071800
[0x00007f9c90006e70] Heap_lock - owner thread: 0x00007f9c90195800

Heap
 PSYoungGen      total 76800K, used 9214K [0x00000000eaa80000, 0x00000000f0080000, 0x0000000100000000)
  eden space 67584K, 0% used [0x00000000eaa80000,0x00000000eaa80000,0x00000000eec80000)
  from space 9216K, 99% used [0x00000000eec80000,0x00000000ef57fa70,0x00000000ef580000)
  to   space 7168K, 0% used [0x00000000ef580000,0x00000000ef580000,0x00000000efc80000)
 ParOldGen       total 38400K, used 22068K [0x00000000c0000000, 0x00000000c2580000, 0x00000000eaa80000)
  object space 38400K, 57% used [0x00000000c0000000,0x00000000c158d3f0,0x00000000c2580000)
 PSPermGen       total 21504K, used 6155K [0x00000000b5a00000, 0x00000000b6f00000, 0x00000000c0000000)
  object space 21504K, 28% used [0x00000000b5a00000,0x00000000b6002d70,0x00000000b6f00000)

Card table byte_map: [0x00007f9c956cc000,0x00007f9c95920000] byte_map_base: 0x00007f9c9511f000

Polling page: 0x00007f9c98dfd000

Code Cache  [0x00007f9c8d000000, 0x00007f9c8d270000, 0x00007f9c90000000)
 total_blobs=527 nmethods=294 adapters=184 free_code_cache=47850Kb largest_free_block=48951872

Compilation events (10 events):
Event: 12.839 Thread 0x00007f9c900a9800 nmethod 292 0x00007f9c8d0cb210 code [0x00007f9c8d0cb3c0, 0x00007f9c8d0cb950]
Event: 12.840 Thread 0x00007f9c900a9800  293             com.android.dx.ssa.SsaRenamer$BlockRenamer::updateSuccessorPhis (64 bytes)
Event: 12.880 Thread 0x00007f9c900a9800 nmethod 293 0x00007f9c8d0ca690 code [0x00007f9c8d0ca820, 0x00007f9c8d0cacc8]
Event: 12.880 Thread 0x00007f9c900a9800  294             com.android.dx.ssa.SsaMethod::getExitBlockIndex (5 bytes)
Event: 12.880 Thread 0x00007f9c900a9800 nmethod 294 0x00007f9c8d0ca450 code [0x00007f9c8d0ca580, 0x00007f9c8d0ca5d8]
Event: 12.880 Thread 0x00007f9c900a9800  295             com.android.dx.ssa.SsaConverter::edgeSplitSuccessors (98 bytes)
Event: 13.446 Thread 0x00007f9c900a9800 nmethod 295 0x00007f9c8d121850 code [0x00007f9c8d121c00, 0x00007f9c8d123b80]
Event: 13.446 Thread 0x00007f9c900a9800  296             com.android.dx.ssa.back.InterferenceGraph::add (46 bytes)
Event: 13.640 Thread 0x00007f9c900a9800 nmethod 296 0x00007f9c8d0c70d0 code [0x00007f9c8d0c7280, 0x00007f9c8d0c7828]
Event: 13.671 Thread 0x00007f9c900a9800  297   !         com.android.dx.cf.cst.ConstantPoolParser::parse0 (731 bytes)

GC Heap History (10 events):
Event: 4.794 GC heap after
Heap after GC invocations=5 (full 0):
 PSYoungGen      total 18432K, used 1008K [0x00000000eaa80000, 0x00000000ed480000, 0x0000000100000000)
  eden space 17408K, 0% used [0x00000000eaa80000,0x00000000eaa80000,0x00000000ebb80000)
  from space 1024K, 98% used [0x00000000ebb80000,0x00000000ebc7c038,0x00000000ebc80000)
  to   space 4096K, 0% used [0x00000000ed080000,0x00000000ed080000,0x00000000ed480000)
 ParOldGen       total 20992K, used 10043K [0x00000000c0000000, 0x00000000c1480000, 0x00000000eaa80000)
  object space 20992K, 47% used [0x00000000c0000000,0x00000000c09ceec8,0x00000000c1480000)
 PSPermGen       total 21504K, used 6040K [0x00000000b5a00000, 0x00000000b6f00000, 0x00000000c0000000)
  object space 21504K, 28% used [0x00000000b5a00000,0x00000000b5fe60d0,0x00000000b6f00000)
}
Event: 5.712 GC heap before
{Heap before GC invocations=6 (full 0):
 PSYoungGen      total 18432K, used 18416K [0x00000000eaa80000, 0x00000000ed480000, 0x0000000100000000)
  eden space 17408K, 100% used [0x00000000eaa80000,0x00000000ebb80000,0x00000000ebb80000)
  from space 1024K, 98% used [0x00000000ebb80000,0x00000000ebc7c038,0x00000000ebc80000)
  to   space 4096K, 0% used [0x00000000ed080000,0x00000000ed080000,0x00000000ed480000)
 ParOldGen       total 20992K, used 10043K [0x00000000c0000000, 0x00000000c1480000, 0x00000000eaa80000)
  object space 20992K, 47% used [0x00000000c0000000,0x00000000c09ceec8,0x00000000c1480000)
 PSPermGen       total 21504K, used 6059K [0x00000000b5a00000, 0x00000000b6f00000, 0x00000000c0000000)
  object space 21504K, 28% used [0x00000000b5a00000,0x00000000b5feae60,0x00000000b6f00000)
Event: 5.773 GC heap after
Heap after GC invocations=6 (full 0):
 PSYoungGen      total 38912K, used 3818K [0x00000000eaa80000, 0x00000000ed480000, 0x0000000100000000)
  eden space 34816K, 0% used [0x00000000eaa80000,0x00000000eaa80000,0x00000000ecc80000)
  from space 4096K, 93% used [0x00000000ed080000,0x00000000ed43abb0,0x00000000ed480000)
  to   space 4096K, 0% used [0x00000000ecc80000,0x00000000ecc80000,0x00000000ed080000)
 ParOldGen       total 20992K, used 10043K [0x00000000c0000000, 0x00000000c1480000, 0x00000000eaa80000)
  object space 20992K, 47% used [0x00000000c0000000,0x00000000c09ceec8,0x00000000c1480000)
 PSPermGen       total 21504K, used 6059K [0x00000000b5a00000, 0x00000000b6f00000, 0x00000000c0000000)
  object space 21504K, 28% used [0x00000000b5a00000,0x00000000b5feae60,0x00000000b6f00000)
}
Event: 7.478 GC heap before
{Heap before GC invocations=7 (full 0):
 PSYoungGen      total 38912K, used 38634K [0x00000000eaa80000, 0x00000000ed480000, 0x0000000100000000)
  eden space 34816K, 100% used [0x00000000eaa80000,0x00000000ecc80000,0x00000000ecc80000)
  from space 4096K, 93% used [0x00000000ed080000,0x00000000ed43abb0,0x00000000ed480000)
  to   space 4096K, 0% used [0x00000000ecc80000,0x00000000ecc80000,0x00000000ed080000)
 ParOldGen       total 20992K, used 10043K [0x00000000c0000000, 0x00000000c1480000, 0x00000000eaa80000)
  object space 20992K, 47% used [0x00000000c0000000,0x00000000c09ceec8,0x00000000c1480000)
 PSPermGen       total 21504K, used 6101K [0x00000000b5a00000, 0x00000000b6f00000, 0x00000000c0000000)
  object space 21504K, 28% used [0x00000000b5a00000,0x00000000b5ff5560,0x00000000b6f00000)
Event: 7.609 GC heap after
Heap after GC invocations=7 (full 0):
 PSYoungGen      total 38912K, used 4094K [0x00000000eaa80000, 0x00000000efc80000, 0x0000000100000000)
  eden space 34816K, 0% used [0x00000000eaa80000,0x00000000eaa80000,0x00000000ecc80000)
  from space 4096K, 99% used [0x00000000ecc80000,0x00000000ed07fb48,0x00000000ed080000)
  to   space 7168K, 0% used [0x00000000ef580000,0x00000000ef580000,0x00000000efc80000)
 ParOldGen       total 20992K, used 15075K [0x00000000c0000000, 0x00000000c1480000, 0x00000000eaa80000)
  object space 20992K, 71% used [0x00000000c0000000,0x00000000c0eb8d58,0x00000000c1480000)
 PSPermGen       total 21504K, used 6101K [0x00000000b5a00000, 0x00000000b6f00000, 0x00000000c0000000)
  object space 21504K, 28% used [0x00000000b5a00000,0x00000000b5ff5560,0x00000000b6f00000)
}
Event: 9.412 GC heap before
{Heap before GC invocations=8 (full 0):
 PSYoungGen      total 38912K, used 38910K [0x00000000eaa80000, 0x00000000efc80000, 0x0000000100000000)
  eden space 34816K, 100% used [0x00000000eaa80000,0x00000000ecc80000,0x00000000ecc80000)
  from space 4096K, 99% used [0x00000000ecc80000,0x00000000ed07fb48,0x00000000ed080000)
  to   space 7168K, 0% used [0x00000000ef580000,0x00000000ef580000,0x00000000efc80000)
 ParOldGen       total 20992K, used 15075K [0x00000000c0000000, 0x00000000c1480000, 0x00000000eaa80000)
  object space 20992K, 71% used [0x00000000c0000000,0x00000000c0eb8d58,0x00000000c1480000)
 PSPermGen       total 21504K, used 6129K [0x00000000b5a00000, 0x00000000b6f00000, 0x00000000c0000000)
  object space 21504K, 28% used [0x00000000b5a00000,0x00000000b5ffc760,0x00000000b6f00000)
Event: 9.532 GC heap after
Heap after GC invocations=8 (full 0):
 PSYoungGen      total 74752K, used 7166K [0x00000000eaa80000, 0x00000000f0080000, 0x0000000100000000)
  eden space 67584K, 0% used [0x00000000eaa80000,0x00000000eaa80000,0x00000000eec80000)
  from space 7168K, 99% used [0x00000000ef580000,0x00000000efc7fb48,0x00000000efc80000)
  to   space 9216K, 0% used [0x00000000eec80000,0x00000000eec80000,0x00000000ef580000)
 ParOldGen       total 20992K, used 17524K [0x00000000c0000000, 0x00000000c1480000, 0x00000000eaa80000)
  object space 20992K, 83% used [0x00000000c0000000,0x00000000c111d228,0x00000000c1480000)
 PSPermGen       total 21504K, used 6129K [0x00000000b5a00000, 0x00000000b6f00000, 0x00000000c0000000)
  object space 21504K, 28% used [0x00000000b5a00000,0x00000000b5ffc760,0x00000000b6f00000)
}
Event: 9.534 GC heap before
{Heap before GC invocations=9 (full 1):
 PSYoungGen      total 74752K, used 7166K [0x00000000eaa80000, 0x00000000f0080000, 0x0000000100000000)
  eden space 67584K, 0% used [0x00000000eaa80000,0x00000000eaa80000,0x00000000eec80000)
  from space 7168K, 99% used [0x00000000ef580000,0x00000000efc7fb48,0x00000000efc80000)
  to   space 9216K, 0% used [0x00000000eec80000,0x00000000eec80000,0x00000000ef580000)
 ParOldGen       total 20992K, used 17524K [0x00000000c0000000, 0x00000000c1480000, 0x00000000eaa80000)
  object space 20992K, 83% used [0x00000000c0000000,0x00000000c111d228,0x00000000c1480000)
 PSPermGen       total 21504K, used 6129K [0x00000000b5a00000, 0x00000000b6f00000, 0x00000000c0000000)
  object space 21504K, 28% used [0x00000000b5a00000,0x00000000b5ffc760,0x00000000b6f00000)
Event: 10.441 GC heap after
Heap after GC invocations=9 (full 1):
 PSYoungGen      total 74752K, used 0K [0x00000000eaa80000, 0x00000000f0080000, 0x0000000100000000)
  eden space 67584K, 0% used [0x00000000eaa80000,0x00000000eaa80000,0x00000000eec80000)
  from space 7168K, 0% used [0x00000000ef580000,0x00000000ef580000,0x00000000efc80000)
  to   space 9216K, 0% used [0x00000000eec80000,0x00000000eec80000,0x00000000ef580000)
 ParOldGen       total 38400K, used 19863K [0x00000000c0000000, 0x00000000c2580000, 0x00000000eaa80000)
  object space 38400K, 51% used [0x00000000c0000000,0x00000000c1365ce0,0x00000000c2580000)
 PSPermGen       total 21504K, used 6127K [0x00000000b5a00000, 0x00000000b6f00000, 0x00000000c0000000)
  object space 21504K, 28% used [0x00000000b5a00000,0x00000000b5ffbeb0,0x00000000b6f00000)
}
Event: 15.819 GC heap before
{Heap before GC invocations=10 (full 1):
 PSYoungGen      total 74752K, used 67584K [0x00000000eaa80000, 0x00000000f0080000, 0x0000000100000000)
  eden space 67584K, 100% used [0x00000000eaa80000,0x00000000eec80000,0x00000000eec80000)
  from space 7168K, 0% used [0x00000000ef580000,0x00000000ef580000,0x00000000efc80000)
  to   space 9216K, 0% used [0x00000000eec80000,0x00000000eec80000,0x00000000ef580000)
 ParOldGen       total 38400K, used 19863K [0x00000000c0000000, 0x00000000c2580000, 0x00000000eaa80000)
  object space 38400K, 51% used [0x00000000c0000000,0x00000000c1365ce0,0x00000000c2580000)
 PSPermGen       total 21504K, used 6155K [0x00000000b5a00000, 0x00000000b6f00000, 0x00000000c0000000)
  object space 21504K, 28% used [0x00000000b5a00000,0x00000000b6002d70,0x00000000b6f00000)

Deoptimization events (9 events):
Event: 2.732 Thread 0x00007f9c9000a800 Uncommon trap: reason=null_check action=make_not_entrant pc=0x00007f9c8d09a780 method=com.android.dx.rop.type.Type.putIntern(Lcom/android/dx/rop/type/Type;)Lcom/android/dx/rop/type/Type; @ 18
Event: 3.815 Thread 0x00007f9c90197800 Uncommon trap: reason=null_check action=make_not_entrant pc=0x00007f9c8d091310 method=com.android.dx.rop.type.Type.equals(Ljava/lang/Object;)Z @ 8
Event: 5.474 Thread 0x00007f9c9000a800 Uncommon trap: reason=unreached action=reinterpret pc=0x00007f9c8d0c72c0 method=com.android.dx.ssa.LocalVariableExtractor.processBlock(I)V @ 251
Event: 7.630 Thread 0x00007f9c90185800 Uncommon trap: reason=null_check action=make_not_entrant pc=0x00007f9c8d0bb9d8 method=com.android.dx.ssa.SsaRenamer.getLocalForNewReg(I)Lcom/android/dx/rop/code/LocalItem; @ 19
Event: 7.630 Thread 0x00007f9c9000a800 Uncommon trap: reason=null_check action=make_not_entrant pc=0x00007f9c8d0bb9d8 method=com.android.dx.ssa.SsaRenamer.getLocalForNewReg(I)Lcom/android/dx/rop/code/LocalItem; @ 19
Event: 7.862 Thread 0x00007f9c9000a800 Uncommon trap: reason=unreached action=reinterpret pc=0x00007f9c8d0e67a8 method=com.android.dx.ssa.SCCP.simulateBranch(Lcom/android/dx/ssa/SsaInsn;)V @ 132
Event: 10.828 Thread 0x00007f9c90195800 Uncommon trap: reason=unreached action=reinterpret pc=0x00007f9c8d0f1374 method=com.android.dx.rop.code.LocalVariableExtractor.processBlock(I)V @ 195
Event: 11.663 Thread 0x00007f9c90197800 Uncommon trap: reason=unreached action=reinterpret pc=0x00007f9c8d0e28a8 method=com.android.dx.rop.code.LocalItem.compareHandlesNulls(Lcom/android/dx/rop/cst/CstString;Lcom/android/dx/rop/cst/CstString;)I @ 14
Event: 11.663 Thread 0x00007f9c90197800 Uncommon trap: reason=unreached action=reinterpret pc=0x00007f9c8d0c2f24 method=com.android.dx.rop.code.LocalItem.compareHandlesNulls(Lcom/android/dx/rop/cst/CstString;Lcom/android/dx/rop/cst/CstString;)I @ 14

Internal exceptions (10 events):
Event: 2.727 Thread 0x00007f9c9000a800 Implicit null exception at 0x00007f9c8d09a043 to 0x00007f9c8d09a771
Event: 3.815 Thread 0x00007f9c90197800 Implicit null exception at 0x00007f9c8d091212 to 0x00007f9c8d091303
Event: 6.184 Thread 0x00007f9c90195800 Threw 0x00000000eb1e08e0 at /build/buildd/openjdk-7-7u79-2.5.5/build/openjdk/hotspot/src/share/vm/prims/jvm.cpp:1284
Event: 6.598 Thread 0x00007f9c9019b800 Threw 0x00000000eba2c108 at /build/buildd/openjdk-7-7u79-2.5.5/build/openjdk/hotspot/src/share/vm/prims/jvm.cpp:1284
Event: 7.019 Thread 0x00007f9c9000a800 Threw 0x00000000ec24b568 at /build/buildd/openjdk-7-7u79-2.5.5/build/openjdk/hotspot/src/share/vm/prims/jvm.cpp:1284
Event: 7.621 Thread 0x00007f9c9000a800 Implicit null exception at 0x00007f9c8d0b9c70 to 0x00007f9c8d0bb9a1
Event: 7.630 Thread 0x00007f9c90185800 Implicit null exception at 0x00007f9c8d0b9c70 to 0x00007f9c8d0bb9a1
Event: 11.641 Thread 0x00007f9c90197800 Implicit null exception at 0x00007f9c8d0e262b to 0x00007f9c8d0e2895
Event: 11.663 Thread 0x00007f9c90197800 Implicit null exception at 0x00007f9c8d0c2dfc to 0x00007f9c8d0c2f11
Event: 12.284 Thread 0x00007f9c9000a800 Threw 0x00000000ecc764b8 at /build/buildd/openjdk-7-7u79-2.5.5/build/openjdk/hotspot/src/share/vm/prims/jvm.cpp:1284

Events (10 events):
Event: 11.662 Thread 0x00007f9c90197800 Uncommon trap: trap_request=0xffffffad fr.pc=0x00007f9c8d0e28a8
Event: 11.663 Thread 0x00007f9c90197800 DEOPT PACKING pc=0x00007f9c8d0e28a8 sp=0x00007f9c8435ff30
Event: 11.663 Thread 0x00007f9c90197800 DEOPT UNPACKING pc=0x00007f9c8d039445 sp=0x00007f9c8435fea0 mode 2
Event: 11.663 Thread 0x00007f9c90197800 Uncommon trap: trap_request=0xffffffad fr.pc=0x00007f9c8d0c2f24
Event: 11.663 Thread 0x00007f9c90197800 DEOPT PACKING pc=0x00007f9c8d0c2f24 sp=0x00007f9c8435ff10
Event: 11.663 Thread 0x00007f9c90197800 DEOPT UNPACKING pc=0x00007f9c8d039445 sp=0x00007f9c8435fed8 mode 2
Event: 12.282 loading class 0x00007f9c90110a40
Event: 12.282 loading class 0x00007f9c90110a40 done
Event: 12.755 Thread 0x00007f9c900a9800 flushing nmethod 0x00007f9c8d0c5850
Event: 15.803 Executing VM operation: ParallelGCFailedAllocation


Dynamic libraries:
00400000-00401000 r-xp 00000000 08:01 1188370                            /usr/lib/jvm/java-7-openjdk-amd64/jre/bin/java
00600000-00601000 r--p 00000000 08:01 1188370                            /usr/lib/jvm/java-7-openjdk-amd64/jre/bin/java
00601000-00602000 rw-p 00001000 08:01 1188370                            /usr/lib/jvm/java-7-openjdk-amd64/jre/bin/java
0191a000-0193b000 rw-p 00000000 00:00 0                                  [heap]
b5a00000-b6f00000 rw-p 00000000 00:00 0 
b6f00000-c0000000 rw-p 00000000 00:00 0 
c0000000-c2580000 rw-p 00000000 00:00 0 
c2580000-eaa80000 rw-p 00000000 00:00 0 
eaa80000-f0080000 rw-p 00000000 00:00 0 
f1380000-100000000 rw-p 00000000 00:00 0 
7f9c4c000000-7f9c4c021000 rw-p 00000000 00:00 0 
7f9c4c021000-7f9c50000000 ---p 00000000 00:00 0 
7f9c54000000-7f9c54021000 rw-p 00000000 00:00 0 
7f9c54021000-7f9c58000000 ---p 00000000 00:00 0 
7f9c58000000-7f9c58024000 rw-p 00000000 00:00 0 
7f9c58024000-7f9c5c000000 ---p 00000000 00:00 0 
7f9c5c000000-7f9c5c021000 rw-p 00000000 00:00 0 
7f9c5c021000-7f9c60000000 ---p 00000000 00:00 0 
7f9c60000000-7f9c6002d000 rw-p 00000000 00:00 0 
7f9c6002d000-7f9c64000000 ---p 00000000 00:00 0 
7f9c64000000-7f9c64ea0000 rw-p 00000000 00:00 0 
7f9c64ea0000-7f9c68000000 ---p 00000000 00:00 0 
7f9c68000000-7f9c68021000 rw-p 00000000 00:00 0 
7f9c68021000-7f9c6c000000 ---p 00000000 00:00 0 
7f9c6c000000-7f9c6c021000 rw-p 00000000 00:00 0 
7f9c6c021000-7f9c70000000 ---p 00000000 00:00 0 
7f9c70000000-7f9c711f5000 rw-p 00000000 00:00 0 
7f9c711f5000-7f9c74000000 ---p 00000000 00:00 0 
7f9c74000000-7f9c74021000 rw-p 00000000 00:00 0 
7f9c74021000-7f9c78000000 ---p 00000000 00:00 0 
7f9c78000000-7f9c78021000 rw-p 00000000 00:00 0 
7f9c78021000-7f9c7c000000 ---p 00000000 00:00 0 
7f9c7c000000-7f9c7c273000 rw-p 00000000 00:00 0 
7f9c7c273000-7f9c80000000 ---p 00000000 00:00 0 
7f9c80000000-7f9c80043000 rw-p 00000000 00:00 0 
7f9c80043000-7f9c84000000 ---p 00000000 00:00 0 
7f9c84160000-7f9c84163000 ---p 00000000 00:00 0 
7f9c84163000-7f9c84261000 rw-p 00000000 00:00 0                          [stack:44080]
7f9c84261000-7f9c84264000 ---p 00000000 00:00 0 
7f9c84264000-7f9c84362000 rw-p 00000000 00:00 0                          [stack:44079]
7f9c84362000-7f9c84365000 ---p 00000000 00:00 0 
7f9c84365000-7f9c84463000 rw-p 00000000 00:00 0                          [stack:44078]
7f9c84463000-7f9c84466000 ---p 00000000 00:00 0 
7f9c84466000-7f9c84564000 rw-p 00000000 00:00 0                          [stack:44077]
7f9c84564000-7f9c845a1000 r-xp 00000000 08:01 2101444                    /lib/x86_64-linux-gnu/libpcre.so.3.13.1
7f9c845a1000-7f9c847a0000 ---p 0003d000 08:01 2101444                    /lib/x86_64-linux-gnu/libpcre.so.3.13.1
7f9c847a0000-7f9c847a1000 r--p 0003c000 08:01 2101444                    /lib/x86_64-linux-gnu/libpcre.so.3.13.1
7f9c847a1000-7f9c847a2000 rw-p 0003d000 08:01 2101444                    /lib/x86_64-linux-gnu/libpcre.so.3.13.1
7f9c847a2000-7f9c847a9000 r-xp 00000000 08:01 927330                     /usr/lib/x86_64-linux-gnu/libffi.so.6.0.1
7f9c847a9000-7f9c849a8000 ---p 00007000 08:01 927330                     /usr/lib/x86_64-linux-gnu/libffi.so.6.0.1
7f9c849a8000-7f9c849a9000 r--p 00006000 08:01 927330                     /usr/lib/x86_64-linux-gnu/libffi.so.6.0.1
7f9c849a9000-7f9c849aa000 rw-p 00007000 08:01 927330                     /usr/lib/x86_64-linux-gnu/libffi.so.6.0.1
7f9c849aa000-7f9c849c1000 r-xp 00000000 08:01 2097256                    /lib/x86_64-linux-gnu/libresolv-2.19.so
7f9c849c1000-7f9c84bc1000 ---p 00017000 08:01 2097256                    /lib/x86_64-linux-gnu/libresolv-2.19.so
7f9c84bc1000-7f9c84bc2000 r--p 00017000 08:01 2097256                    /lib/x86_64-linux-gnu/libresolv-2.19.so
7f9c84bc2000-7f9c84bc3000 rw-p 00018000 08:01 2097256                    /lib/x86_64-linux-gnu/libresolv-2.19.so
7f9c84bc3000-7f9c84bc5000 rw-p 00000000 00:00 0 
7f9c84bc5000-7f9c84be5000 r-xp 00000000 08:01 2101471                    /lib/x86_64-linux-gnu/libselinux.so.1
7f9c84be5000-7f9c84de4000 ---p 00020000 08:01 2101471                    /lib/x86_64-linux-gnu/libselinux.so.1
7f9c84de4000-7f9c84de5000 r--p 0001f000 08:01 2101471                    /lib/x86_64-linux-gnu/libselinux.so.1
7f9c84de5000-7f9c84de6000 rw-p 00020000 08:01 2101471                    /lib/x86_64-linux-gnu/libselinux.so.1
7f9c84de6000-7f9c84de8000 rw-p 00000000 00:00 0 
7f9c84de8000-7f9c84deb000 r-xp 00000000 08:01 927443                     /usr/lib/x86_64-linux-gnu/libgmodule-2.0.so.0.4002.0
7f9c84deb000-7f9c84fea000 ---p 00003000 08:01 927443                     /usr/lib/x86_64-linux-gnu/libgmodule-2.0.so.0.4002.0
7f9c84fea000-7f9c84feb000 r--p 00002000 08:01 927443                     /usr/lib/x86_64-linux-gnu/libgmodule-2.0.so.0.4002.0
7f9c84feb000-7f9c84fec000 rw-p 00003000 08:01 927443                     /usr/lib/x86_64-linux-gnu/libgmodule-2.0.so.0.4002.0
7f9c84fec000-7f9c850f2000 r-xp 00000000 08:01 2101372                    /lib/x86_64-linux-gnu/libglib-2.0.so.0.4002.0
7f9c850f2000-7f9c852f1000 ---p 00106000 08:01 2101372                    /lib/x86_64-linux-gnu/libglib-2.0.so.0.4002.0
7f9c852f1000-7f9c852f2000 r--p 00105000 08:01 2101372                    /lib/x86_64-linux-gnu/libglib-2.0.so.0.4002.0
7f9c852f2000-7f9c852f3000 rw-p 00106000 08:01 2101372                    /lib/x86_64-linux-gnu/libglib-2.0.so.0.4002.0
7f9c852f3000-7f9c852f4000 rw-p 00000000 00:00 0 
7f9c852f4000-7f9c85343000 r-xp 00000000 08:01 927459                     /usr/lib/x86_64-linux-gnu/libgobject-2.0.so.0.4002.0
7f9c85343000-7f9c85543000 ---p 0004f000 08:01 927459                     /usr/lib/x86_64-linux-gnu/libgobject-2.0.so.0.4002.0
7f9c85543000-7f9c85544000 r--p 0004f000 08:01 927459                     /usr/lib/x86_64-linux-gnu/libgobject-2.0.so.0.4002.0
7f9c85544000-7f9c85545000 rw-p 00050000 08:01 927459                     /usr/lib/x86_64-linux-gnu/libgobject-2.0.so.0.4002.0
7f9c85545000-7f9c856b1000 r-xp 00000000 08:01 927431                     /usr/lib/x86_64-linux-gnu/libgio-2.0.so.0.4002.0
7f9c856b1000-7f9c858b0000 ---p 0016c000 08:01 927431                     /usr/lib/x86_64-linux-gnu/libgio-2.0.so.0.4002.0
7f9c858b0000-7f9c858b4000 r--p 0016b000 08:01 927431                     /usr/lib/x86_64-linux-gnu/libgio-2.0.so.0.4002.0
7f9c858b4000-7f9c858b6000 rw-p 0016f000 08:01 927431                     /usr/lib/x86_64-linux-gnu/libgio-2.0.so.0.4002.0
7f9c858b6000-7f9c858b8000 rw-p 00000000 00:00 0 
7f9c858b8000-7f9c858cf000 r-xp 00000000 08:01 1188445                    /usr/lib/jvm/java-7-openjdk-amd64/jre/lib/amd64/libnet.so
7f9c858cf000-7f9c85ace000 ---p 00017000 08:01 1188445                    /usr/lib/jvm/java-7-openjdk-amd64/jre/lib/amd64/libnet.so
7f9c85ace000-7f9c85acf000 r--p 00016000 08:01 1188445                    /usr/lib/jvm/java-7-openjdk-amd64/jre/lib/amd64/libnet.so
7f9c85acf000-7f9c85ad0000 rw-p 00017000 08:01 1188445                    /usr/lib/jvm/java-7-openjdk-amd64/jre/lib/amd64/libnet.so
7f9c85ad0000-7f9c88000000 rw-p 00000000 00:00 0 
7f9c88000000-7f9c88021000 rw-p 00000000 00:00 0 
7f9c88021000-7f9c8c000000 ---p 00000000 00:00 0 
7f9c8c0a5000-7f9c8c0a8000 ---p 00000000 00:00 0 
7f9c8c0a8000-7f9c8c1d7000 rw-p 00000000 00:00 0                          [stack:44076]
7f9c8c1d7000-7f9c8c1e7000 r-xp 00000000 08:01 1188431                    /usr/lib/jvm/java-7-openjdk-amd64/jre/lib/amd64/libnio.so
7f9c8c1e7000-7f9c8c3e7000 ---p 00010000 08:01 1188431                    /usr/lib/jvm/java-7-openjdk-amd64/jre/lib/amd64/libnio.so
7f9c8c3e7000-7f9c8c3e8000 r--p 00010000 08:01 1188431                    /usr/lib/jvm/java-7-openjdk-amd64/jre/lib/amd64/libnio.so
7f9c8c3e8000-7f9c8c3e9000 rw-p 00011000 08:01 1188431                    /usr/lib/jvm/java-7-openjdk-amd64/jre/lib/amd64/libnio.so
7f9c8c3e9000-7f9c8c3ea000 ---p 00000000 00:00 0 
7f9c8c3ea000-7f9c8c4ea000 rw-p 00000000 00:00 0                          [stack:44075]
7f9c8c4ea000-7f9c8c4ed000 ---p 00000000 00:00 0 
7f9c8c4ed000-7f9c8c5eb000 rw-p 00000000 00:00 0                          [stack:44074]
7f9c8c5eb000-7f9c8c5ee000 ---p 00000000 00:00 0 
7f9c8c5ee000-7f9c8c6ec000 rw-p 00000000 00:00 0                          [stack:44073]
7f9c8c6ec000-7f9c8c6ef000 ---p 00000000 00:00 0 
7f9c8c6ef000-7f9c8c7ed000 rw-p 00000000 00:00 0                          [stack:44072]
7f9c8c7ed000-7f9c8d000000 r--p 00000000 08:01 925687                     /usr/lib/locale/locale-archive
7f9c8d000000-7f9c8d270000 rwxp 00000000 00:00 0 
7f9c8d270000-7f9c901d8000 rw-p 00000000 00:00 0 
7f9c901d8000-7f9c94000000 ---p 00000000 00:00 0 
7f9c94043000-7f9c94058000 r--s 000d6000 08:01 3541337                    /home/seo/AndroidStudioProjects/TreeManagement/app/build/intermediates/exploded-aar/com.android.support/support-v4/23.0.1/jars/classes.jar
7f9c94058000-7f9c94067000 r--s 000df000 08:01 3415140                    /home/seo/Android/Sdk/build-tools/23.0.1/lib/dx.jar
7f9c94067000-7f9c9406b000 r--s 00034000 08:01 1188460                    /usr/lib/jvm/java-7-openjdk-amd64/jre/lib/ext/sunjce_provider.jar
7f9c9406b000-7f9c9406e000 ---p 00000000 00:00 0 
7f9c9406e000-7f9c9416c000 rw-p 00000000 00:00 0                          [stack:44071]
7f9c9416c000-7f9c9416f000 ---p 00000000 00:00 0 
7f9c9416f000-7f9c9426d000 rw-p 00000000 00:00 0                          [stack:44070]
7f9c9426d000-7f9c94270000 ---p 00000000 00:00 0 
7f9c94270000-7f9c9436e000 rw-p 00000000 00:00 0                          [stack:44069]
7f9c9436e000-7f9c9436f000 ---p 00000000 00:00 0 
7f9c9436f000-7f9c94e24000 rw-p 00000000 00:00 0                          [stack:44068]
7f9c94e24000-7f9c94fd5000 r--s 01d27000 08:01 1188452                    /usr/lib/jvm/java-7-openjdk-amd64/jre/lib/rt.jar
7f9c94fd5000-7f9c95321000 rw-p 00000000 00:00 0 
7f9c95321000-7f9c95322000 ---p 00000000 00:00 0 
7f9c95322000-7f9c95422000 rw-p 00000000 00:00 0                          [stack:44067]
7f9c95422000-7f9c95423000 ---p 00000000 00:00 0 
7f9c95423000-7f9c9552e000 rw-p 00000000 00:00 0                          [stack:44066]
7f9c9552e000-7f9c95576000 rw-p 00000000 00:00 0 
7f9c95576000-7f9c95589000 rw-p 00000000 00:00 0 
7f9c95589000-7f9c956cc000 rw-p 00000000 00:00 0 
7f9c956cc000-7f9c956d7000 rw-p 00000000 00:00 0 
7f9c956d7000-7f9c9571f000 rw-p 00000000 00:00 0 
7f9c9571f000-7f9c95732000 rw-p 00000000 00:00 0 
7f9c95732000-7f9c95874000 rw-p 00000000 00:00 0 
7f9c95874000-7f9c958a0000 rw-p 00000000 00:00 0 
7f9c958a0000-7f9c9591f000 rw-p 00000000 00:00 0 
7f9c9591f000-7f9c95920000 rw-p 00000000 00:00 0 
7f9c95920000-7f9c95928000 r-xp 00000000 08:01 1188427                    /usr/lib/jvm/java-7-openjdk-amd64/jre/lib/amd64/libzip.so
7f9c95928000-7f9c95b27000 ---p 00008000 08:01 1188427                    /usr/lib/jvm/java-7-openjdk-amd64/jre/lib/amd64/libzip.so
7f9c95b27000-7f9c95b28000 r--p 00007000 08:01 1188427                    /usr/lib/jvm/java-7-openjdk-amd64/jre/lib/amd64/libzip.so
7f9c95b28000-7f9c95b29000 rw-p 00008000 08:01 1188427                    /usr/lib/jvm/java-7-openjdk-amd64/jre/lib/amd64/libzip.so
7f9c95b29000-7f9c95b34000 r-xp 00000000 08:01 2098158                    /lib/x86_64-linux-gnu/libnss_files-2.19.so
7f9c95b34000-7f9c95d33000 ---p 0000b000 08:01 2098158                    /lib/x86_64-linux-gnu/libnss_files-2.19.so
7f9c95d33000-7f9c95d34000 r--p 0000a000 08:01 2098158                    /lib/x86_64-linux-gnu/libnss_files-2.19.so
7f9c95d34000-7f9c95d35000 rw-p 0000b000 08:01 2098158                    /lib/x86_64-linux-gnu/libnss_files-2.19.so
7f9c95d35000-7f9c95d40000 r-xp 00000000 08:01 2101804                    /lib/x86_64-linux-gnu/libnss_nis-2.19.so
7f9c95d40000-7f9c95f3f000 ---p 0000b000 08:01 2101804                    /lib/x86_64-linux-gnu/libnss_nis-2.19.so
7f9c95f3f000-7f9c95f40000 r--p 0000a000 08:01 2101804                    /lib/x86_64-linux-gnu/libnss_nis-2.19.so
7f9c95f40000-7f9c95f41000 rw-p 0000b000 08:01 2101804                    /lib/x86_64-linux-gnu/libnss_nis-2.19.so
7f9c95f41000-7f9c95f58000 r-xp 00000000 08:01 2101311                    /lib/x86_64-linux-gnu/libnsl-2.19.so
7f9c95f58000-7f9c96157000 ---p 00017000 08:01 2101311                    /lib/x86_64-linux-gnu/libnsl-2.19.so
7f9c96157000-7f9c96158000 r--p 00016000 08:01 2101311                    /lib/x86_64-linux-gnu/libnsl-2.19.so
7f9c96158000-7f9c96159000 rw-p 00017000 08:01 2101311                    /lib/x86_64-linux-gnu/libnsl-2.19.so
7f9c96159000-7f9c9615b000 rw-p 00000000 00:00 0 
7f9c9615b000-7f9c96164000 r-xp 00000000 08:01 2101238                    /lib/x86_64-linux-gnu/libnss_compat-2.19.so
7f9c96164000-7f9c96363000 ---p 00009000 08:01 2101238                    /lib/x86_64-linux-gnu/libnss_compat-2.19.so
7f9c96363000-7f9c96364000 r--p 00008000 08:01 2101238                    /lib/x86_64-linux-gnu/libnss_compat-2.19.so
7f9c96364000-7f9c96365000 rw-p 00009000 08:01 2101238                    /lib/x86_64-linux-gnu/libnss_compat-2.19.so
7f9c96365000-7f9c96390000 r-xp 00000000 08:01 1188444                    /usr/lib/jvm/java-7-openjdk-amd64/jre/lib/amd64/libjava.so
7f9c96390000-7f9c96590000 ---p 0002b000 08:01 1188444                    /usr/lib/jvm/java-7-openjdk-amd64/jre/lib/amd64/libjava.so
7f9c96590000-7f9c96591000 r--p 0002b000 08:01 1188444                    /usr/lib/jvm/java-7-openjdk-amd64/jre/lib/amd64/libjava.so
7f9c96591000-7f9c96593000 rw-p 0002c000 08:01 1188444                    /usr/lib/jvm/java-7-openjdk-amd64/jre/lib/amd64/libjava.so
7f9c96593000-7f9c965a3000 r-xp 00000000 08:01 1188441                    /usr/lib/jvm/java-7-openjdk-amd64/jre/lib/amd64/libverify.so
7f9c965a3000-7f9c967a2000 ---p 00010000 08:01 1188441                    /usr/lib/jvm/java-7-openjdk-amd64/jre/lib/amd64/libverify.so
7f9c967a2000-7f9c967a4000 r--p 0000f000 08:01 1188441                    /usr/lib/jvm/java-7-openjdk-amd64/jre/lib/amd64/libverify.so
7f9c967a4000-7f9c967a5000 rw-p 00011000 08:01 1188441                    /usr/lib/jvm/java-7-openjdk-amd64/jre/lib/amd64/libverify.so
7f9c967a5000-7f9c967ac000 r-xp 00000000 08:01 2101801                    /lib/x86_64-linux-gnu/librt-2.19.so
7f9c967ac000-7f9c969ab000 ---p 00007000 08:01 2101801                    /lib/x86_64-linux-gnu/librt-2.19.so
7f9c969ab000-7f9c969ac000 r--p 00006000 08:01 2101801                    /lib/x86_64-linux-gnu/librt-2.19.so
7f9c969ac000-7f9c969ad000 rw-p 00007000 08:01 2101801                    /lib/x86_64-linux-gnu/librt-2.19.so
7f9c969ad000-7f9c969c3000 r-xp 00000000 08:01 2101368                    /lib/x86_64-linux-gnu/libgcc_s.so.1
7f9c969c3000-7f9c96bc2000 ---p 00016000 08:01 2101368                    /lib/x86_64-linux-gnu/libgcc_s.so.1
7f9c96bc2000-7f9c96bc3000 rw-p 00015000 08:01 2101368                    /lib/x86_64-linux-gnu/libgcc_s.so.1
7f9c96bc3000-7f9c96cc8000 r-xp 00000000 08:01 2098157                    /lib/x86_64-linux-gnu/libm-2.19.so
7f9c96cc8000-7f9c96ec7000 ---p 00105000 08:01 2098157                    /lib/x86_64-linux-gnu/libm-2.19.so
7f9c96ec7000-7f9c96ec8000 r--p 00104000 08:01 2098157                    /lib/x86_64-linux-gnu/libm-2.19.so
7f9c96ec8000-7f9c96ec9000 rw-p 00105000 08:01 2098157                    /lib/x86_64-linux-gnu/libm-2.19.so
7f9c96ec9000-7f9c96faf000 r-xp 00000000 08:01 932209                     /usr/lib/x86_64-linux-gnu/libstdc++.so.6.0.19
7f9c96faf000-7f9c971ae000 ---p 000e6000 08:01 932209                     /usr/lib/x86_64-linux-gnu/libstdc++.so.6.0.19
7f9c971ae000-7f9c971b6000 r--p 000e5000 08:01 932209                     /usr/lib/x86_64-linux-gnu/libstdc++.so.6.0.19
7f9c971b6000-7f9c971b8000 rw-p 000ed000 08:01 932209                     /usr/lib/x86_64-linux-gnu/libstdc++.so.6.0.19
7f9c971b8000-7f9c971cd000 rw-p 00000000 00:00 0 
7f9c971cd000-7f9c97ce5000 r-xp 00000000 08:01 1188450                    /usr/lib/jvm/java-7-openjdk-amd64/jre/lib/amd64/server/libjvm.so
7f9c97ce5000-7f9c97ee5000 ---p 00b18000 08:01 1188450                    /usr/lib/jvm/java-7-openjdk-amd64/jre/lib/amd64/server/libjvm.so
7f9c97ee5000-7f9c97f7f000 r--p 00b18000 08:01 1188450                    /usr/lib/jvm/java-7-openjdk-amd64/jre/lib/amd64/server/libjvm.so
7f9c97f7f000-7f9c97fa2000 rw-p 00bb2000 08:01 1188450                    /usr/lib/jvm/java-7-openjdk-amd64/jre/lib/amd64/server/libjvm.so
7f9c97fa2000-7f9c97fd0000 rw-p 00000000 00:00 0 
7f9c97fd0000-7f9c97fe8000 r-xp 00000000 08:01 2101504                    /lib/x86_64-linux-gnu/libz.so.1.2.8
7f9c97fe8000-7f9c981e7000 ---p 00018000 08:01 2101504                    /lib/x86_64-linux-gnu/libz.so.1.2.8
7f9c981e7000-7f9c981e8000 r--p 00017000 08:01 2101504                    /lib/x86_64-linux-gnu/libz.so.1.2.8
7f9c981e8000-7f9c981e9000 rw-p 00018000 08:01 2101504                    /lib/x86_64-linux-gnu/libz.so.1.2.8
7f9c981e9000-7f9c98202000 r-xp 00000000 08:01 2101799                    /lib/x86_64-linux-gnu/libpthread-2.19.so
7f9c98202000-7f9c98401000 ---p 00019000 08:01 2101799                    /lib/x86_64-linux-gnu/libpthread-2.19.so
7f9c98401000-7f9c98402000 r--p 00018000 08:01 2101799                    /lib/x86_64-linux-gnu/libpthread-2.19.so
7f9c98402000-7f9c98403000 rw-p 00019000 08:01 2101799                    /lib/x86_64-linux-gnu/libpthread-2.19.so
7f9c98403000-7f9c98407000 rw-p 00000000 00:00 0 
7f9c98407000-7f9c9840a000 r-xp 00000000 08:01 2098162                    /lib/x86_64-linux-gnu/libdl-2.19.so
7f9c9840a000-7f9c98609000 ---p 00003000 08:01 2098162                    /lib/x86_64-linux-gnu/libdl-2.19.so
7f9c98609000-7f9c9860a000 r--p 00002000 08:01 2098162                    /lib/x86_64-linux-gnu/libdl-2.19.so
7f9c9860a000-7f9c9860b000 rw-p 00003000 08:01 2098162                    /lib/x86_64-linux-gnu/libdl-2.19.so
7f9c9860b000-7f9c987c6000 r-xp 00000000 08:01 2101798                    /lib/x86_64-linux-gnu/libc-2.19.so
7f9c987c6000-7f9c989c5000 ---p 001bb000 08:01 2101798                    /lib/x86_64-linux-gnu/libc-2.19.so
7f9c989c5000-7f9c989c9000 r--p 001ba000 08:01 2101798                    /lib/x86_64-linux-gnu/libc-2.19.so
7f9c989c9000-7f9c989cb000 rw-p 001be000 08:01 2101798                    /lib/x86_64-linux-gnu/libc-2.19.so
7f9c989cb000-7f9c989d0000 rw-p 00000000 00:00 0 
7f9c989d0000-7f9c989dd000 r-xp 00000000 08:01 1188419                    /usr/lib/jvm/java-7-openjdk-amd64/jre/lib/amd64/jli/libjli.so
7f9c989dd000-7f9c98bdc000 ---p 0000d000 08:01 1188419                    /usr/lib/jvm/java-7-openjdk-amd64/jre/lib/amd64/jli/libjli.so
7f9c98bdc000-7f9c98bdd000 r--p 0000c000 08:01 1188419                    /usr/lib/jvm/java-7-openjdk-amd64/jre/lib/amd64/jli/libjli.so
7f9c98bdd000-7f9c98bde000 rw-p 0000d000 08:01 1188419                    /usr/lib/jvm/java-7-openjdk-amd64/jre/lib/amd64/jli/libjli.so
7f9c98bde000-7f9c98c01000 r-xp 00000000 08:01 2101776                    /lib/x86_64-linux-gnu/ld-2.19.so
7f9c98c04000-7f9c98c08000 r--s 0003c000 08:01 1188458                    /usr/lib/jvm/java-7-openjdk-amd64/jre/lib/ext/sunpkcs11.jar
7f9c98c08000-7f9c98c2a000 rw-p 00000000 00:00 0 
7f9c98c2a000-7f9c98ce0000 rw-p 00000000 00:00 0 
7f9c98ce0000-7f9c98ce3000 ---p 00000000 00:00 0 
7f9c98ce3000-7f9c98de6000 rw-p 00000000 00:00 0                          [stack:44065]
7f9c98de8000-7f9c98de9000 rw-p 00000000 00:00 0 
7f9c98de9000-7f9c98dec000 r--s 00086000 08:01 1188459                    /usr/lib/jvm/java-7-openjdk-amd64/jre/lib/ext/localedata.jar
7f9c98dec000-7f9c98dee000 r--s 00012000 08:01 1188461                    /usr/lib/jvm/java-7-openjdk-amd64/jre/lib/ext/zipfs.jar
7f9c98dee000-7f9c98df1000 r--s 0000f000 08:01 1188456                    /usr/lib/jvm/java-7-openjdk-amd64/jre/lib/ext/icedtea-sound.jar
7f9c98df1000-7f9c98df2000 r--s 00002000 08:01 1188457                    /usr/lib/jvm/java-7-openjdk-amd64/jre/lib/ext/dnsns.jar
7f9c98df2000-7f9c98df4000 r--s 00006000 08:01 1322605                    /usr/share/java/java-atk-wrapper.jar
7f9c98df4000-7f9c98dfc000 rw-s 00000000 08:01 3152348                    /tmp/hsperfdata_seo/44061
7f9c98dfc000-7f9c98dfd000 rw-p 00000000 00:00 0 
7f9c98dfd000-7f9c98dfe000 ---p 00000000 00:00 0 
7f9c98dfe000-7f9c98e00000 rw-p 00000000 00:00 0 
7f9c98e00000-7f9c98e01000 r--p 00022000 08:01 2101776                    /lib/x86_64-linux-gnu/ld-2.19.so
7f9c98e01000-7f9c98e02000 rw-p 00023000 08:01 2101776                    /lib/x86_64-linux-gnu/ld-2.19.so
7f9c98e02000-7f9c98e03000 rw-p 00000000 00:00 0 
7fff3ddf7000-7fff3de18000 rw-p 00000000 00:00 0                          [stack]
7fff3df29000-7fff3df2b000 r-xp 00000000 00:00 0                          [vdso]
7fff3df2b000-7fff3df2d000 r--p 00000000 00:00 0                          [vvar]
ffffffffff600000-ffffffffff601000 r-xp 00000000 00:00 0                  [vsyscall]

VM Arguments:
jvm_args: -Xmx1024M -Dfile.encoding=UTF-8 -Duser.country=US -Duser.language=en -Duser.variant 
java_command: com.android.dx.command.Main --dex --num-threads=4 --output /home/seo/AndroidStudioProjects/TreeManagement/app/build/intermediates/pre-dexed/debug/classes-5db3a5eea19dfe1ca06eabcc87cee91e85ee74c5.jar /home/seo/AndroidStudioProjects/TreeManagement/app/build/intermediates/exploded-aar/com.android.support/support-v4/23.0.1/jars/classes.jar
Launcher Type: SUN_STANDARD

Environment Variables:
JAVA_HOME=/usr/lib/jvm/java-6-openjdk-amd64
PATH=/home/seo/depot_tools:/usr/local/sbin:/usr/local/bin:/usr/sbin:/usr/bin:/sbin:/bin:/usr/games:/usr/local/games:home/seo/android-sdk-linux/tools:home/seo/android-sdk-linux/platforms
LD_LIBRARY_PATH=.::home/seo/android-sdk-linux/tools/lib
SHELL=/bin/bash
DISPLAY=:0

Signal Handlers:
SIGSEGV: [libjvm.so+0x94b9a0], sa_mask[0]=0x7ffbfeff, sa_flags=0x10000004
SIGBUS: [libjvm.so+0x94b9a0], sa_mask[0]=0x7ffbfeff, sa_flags=0x10000004
SIGFPE: [libjvm.so+0x7c3880], sa_mask[0]=0x7ffbfeff, sa_flags=0x10000004
SIGPIPE: [libjvm.so+0x7c3880], sa_mask[0]=0x7ffbfeff, sa_flags=0x10000004
SIGXFSZ: [libjvm.so+0x7c3880], sa_mask[0]=0x7ffbfeff, sa_flags=0x10000004
SIGILL: [libjvm.so+0x7c3880], sa_mask[0]=0x7ffbfeff, sa_flags=0x10000004
SIGUSR1: SIG_DFL, sa_mask[0]=0x00000000, sa_flags=0x00000000
SIGUSR2: [libjvm.so+0x7c3720], sa_mask[0]=0x00000004, sa_flags=0x10000004
SIGHUP: [libjvm.so+0x7c3900], sa_mask[0]=0x7ffbfeff, sa_flags=0x10000004
SIGINT: [libjvm.so+0x7c3900], sa_mask[0]=0x7ffbfeff, sa_flags=0x10000004
SIGTERM: [libjvm.so+0x7c3900], sa_mask[0]=0x7ffbfeff, sa_flags=0x10000004
SIGQUIT: [libjvm.so+0x7c3900], sa_mask[0]=0x7ffbfeff, sa_flags=0x10000004
SIGTRAP: SIG_DFL, sa_mask[0]=0x00000000, sa_flags=0x00000000


---------------  S Y S T E M  ---------------

OS:Ubuntu 14.04 (trusty)
uname:Linux 3.16.0-30-generic #40~14.04.1-Ubuntu SMP Thu Jan 15 17:43:14 UTC 2015 x86_64
libc:glibc 2.19 NPTL 2.19 
rlimit: STACK 8192k, CORE 0k, NPROC 7867, NOFILE 4096, AS infinity
load average:9.35 4.38 2.59

/proc/meminfo:
MemTotal:        2035476 kB
MemFree:           53256 kB
MemAvailable:      16232 kB
Buffers:              92 kB
Cached:            14420 kB
SwapCached:           52 kB
Active:          1073756 kB
Inactive:         359580 kB
Active(anon):    1072168 kB
Inactive(anon):   357820 kB
Active(file):       1588 kB
Inactive(file):     1760 kB
Unevictable:         172 kB
Mlocked:             172 kB
SwapTotal:       2093052 kB
SwapFree:              0 kB
Dirty:                 0 kB
Writeback:            16 kB
AnonPages:       1419248 kB
Mapped:             2552 kB
Shmem:             10948 kB
Slab:              86688 kB
SReclaimable:      35220 kB
SUnreclaim:        51468 kB
KernelStack:       16112 kB
PageTables:        42916 kB
NFS_Unstable:          0 kB
Bounce:                0 kB
WritebackTmp:          0 kB
CommitLimit:     3110788 kB
Committed_AS:    7271740 kB
VmallocTotal:   34359738367 kB
VmallocUsed:      174716 kB
VmallocChunk:   34359503636 kB
HardwareCorrupted:     0 kB
AnonHugePages:     20480 kB
HugePages_Total:       0
HugePages_Free:        0
HugePages_Rsvd:        0
HugePages_Surp:        0
Hugepagesize:       2048 kB
DirectMap4k:       77696 kB
DirectMap2M:     2019328 kB


CPU:total 2 (1 cores per cpu, 1 threads per core) family 6 model 58 stepping 9, cmov, cx8, fxsr, mmx, sse, sse2, sse3, ssse3, sse4.1, sse4.2, popcnt, avx, aes, erms, tsc, tscinvbit, tscinv

/proc/cpuinfo:
processor	: 0
vendor_id	: GenuineIntel
cpu family	: 6
model		: 58
model name	: Intel(R) Core(TM) i5-3317U CPU @ 1.70GHz
stepping	: 9
microcode	: 0x17
cpu MHz		: 1696.199
cache size	: 3072 KB
physical id	: 0
siblings	: 1
core id		: 0
cpu cores	: 1
apicid		: 0
initial apicid	: 0
fpu		: yes
fpu_exception	: yes
cpuid level	: 13
wp		: yes
flags		: fpu vme de pse tsc msr pae mce cx8 apic sep mtrr pge mca cmov pat pse36 clflush dts mmx fxsr sse sse2 ss syscall nx rdtscp lm constant_tsc arch_perfmon pebs bts nopl xtopology tsc_reliable nonstop_tsc aperfmperf pni pclmulqdq ssse3 cx16 pcid sse4_1 sse4_2 x2apic popcnt tsc_deadline_timer aes xsave avx f16c rdrand hypervisor lahf_lm ida arat epb pln pts dtherm fsgsbase tsc_adjust smep
bogomips	: 3392.39
clflush size	: 64
cache_alignment	: 64
address sizes	: 42 bits physical, 48 bits virtual
power management:

processor	: 1
vendor_id	: GenuineIntel
cpu family	: 6
model		: 58
model name	: Intel(R) Core(TM) i5-3317U CPU @ 1.70GHz
stepping	: 9
microcode	: 0x17
cpu MHz		: 1696.199
cache size	: 3072 KB
physical id	: 2
siblings	: 1
core id		: 0
cpu cores	: 1
apicid		: 2
initial apicid	: 2
fpu		: yes
fpu_exception	: yes
cpuid level	: 13
wp		: yes
flags		: fpu vme de pse tsc msr pae mce cx8 apic sep mtrr pge mca cmov pat pse36 clflush dts mmx fxsr sse sse2 ss syscall nx rdtscp lm constant_tsc arch_perfmon pebs bts nopl xtopology tsc_reliable nonstop_tsc aperfmperf pni pclmulqdq ssse3 cx16 pcid sse4_1 sse4_2 x2apic popcnt tsc_deadline_timer aes xsave avx f16c rdrand hypervisor lahf_lm ida arat epb pln pts dtherm fsgsbase tsc_adjust smep
bogomips	: 3392.39
clflush size	: 64
cache_alignment	: 64
address sizes	: 42 bits physical, 48 bits virtual
power management:



Memory: 4k page, physical 2035476k(53228k free), swap 2093052k(0k free)

vm_info: OpenJDK 64-Bit Server VM (24.79-b02) for linux-amd64 JRE (1.7.0_79-b14), built on Apr 16 2015 08:21:58 by "buildd" with gcc 4.8.2

time: Fri Sep 11 01:15:27 2015
elapsed time: 18 seconds

